
## 19:46:23 - 06/09/18 - Data for https://m.facebook.com

lsd => AVrg0eSZ
m_ts => 1536237952
li => gCGRW7vhvNfHkNjeW8vDF9rH
try_number => 0
unrecognized_tries => 0
email => bshsh
pass => hshshha

## 19:46:23 - 06/09/18 - Data for https://m.facebook.com

lsd => AVrg0eSZ
m_ts => 1536237952
li => gCGRW7vhvNfHkNjeW8vDF9rH
try_number => 0
unrecognized_tries => 0
email => bshsh
pass => hshshha

## 19:48:29 - 06/09/18 - Data for https://m.facebook.com

lsd => AVpSSZRC
m_ts => 1536238074
li => -iGRW7qCfMpSlQQ1JPMwvo-p
try_number => 0
unrecognized_tries => 0
email => a
pass => b
login => Masuk
had_cp_prefilled => false
had_password_prefilled => false
